state	power	likelihood
260	0.923115	-49.7441
270	0.923115	-49.9001
280	0.923115	-49.744
290	0.923115	-50.1253
300	0.923115	-49.8322
310	0.923115	-51.2652
320	0.923115	-50.9018
330	0.923115	-49.7641
340	0.923115	-50.4319
350	0.923115	-50.472
360	0.923115	-50.5733
370	0.923115	-50.8433
380	0.923115	-49.7593
390	0.923115	-51.1599
400	0.923115	-49.7949
410	0.923115	-49.8989
420	0.923115	-50.6085
430	0.923115	-49.8316
440	0.923115	-49.7467
450	0.923115	-50.3546
460	0.923115	-49.7866
470	0.923115	-50.8494
480	0.923115	-51.9022
490	0.923115	-51.1475
500	0.923115	-50.097
510	0.923115	-49.9589
520	0.923115	-50.6319
530	0.923115	-50.2982
540	0.923115	-49.7871
550	0.923115	-49.8303
560	0.923115	-50.5654
570	0.923115	-51.1218
580	0.923115	-54.672
590	0.923115	-50.3543
600	0.923115	-49.9032
610	0.923115	-50.2215
620	0.923115	-49.9162
630	0.923115	-50.9124
640	0.923115	-49.7739
650	0.923115	-50.3543
660	0.923115	-50.72
670	0.923115	-49.9171
680	0.923115	-49.8884
690	0.923115	-50.8266
700	0.923115	-49.8031
710	0.923115	-50.9671
720	0.923115	-50.0138
730	0.923115	-50.8816
740	0.923115	-49.9883
750	0.923115	-49.9012
760	0.923115	-49.7556
770	0.923115	-50.402
780	0.923115	-50.0757
790	0.923115	-50.8217
800	0.923115	-50.1292
810	0.923115	-50.1743
820	0.923115	-49.7703
830	0.923115	-50.3313
840	0.923115	-49.7964
850	0.923115	-50.8014
860	0.923115	-49.9016
870	0.923115	-50.1322
880	0.923115	-49.8402
890	0.923115	-49.758
900	0.923115	-50.6638
910	0.923115	-50.0549
920	0.923115	-49.7583
930	0.923115	-49.7818
940	0.923115	-50.561
950	0.923115	-49.9668
960	0.923115	-50.1433
970	0.923115	-49.7432
980	0.923115	-49.8517
990	0.923115	-52.497
1000	0.923115	-50.0835
