state	power	likelihood
260	0.783526	-51.5752
270	0.783526	-49.7446
280	0.783526	-49.8657
290	0.783526	-49.7477
300	0.783526	-50.6937
310	0.783526	-50.0834
320	0.783526	-51.7698
330	0.783526	-49.9512
340	0.783526	-51.0112
350	0.783526	-50.251
360	0.783526	-49.7432
370	0.783526	-49.7829
380	0.783526	-50.4057
390	0.783526	-49.8636
400	0.783526	-50.0934
410	0.783526	-50.5266
420	0.783526	-50.8902
430	0.783526	-50.7105
440	0.783526	-50.0653
450	0.783526	-49.7585
460	0.783526	-50.0019
470	0.783526	-50.6907
480	0.783526	-49.7454
490	0.783526	-50.6725
500	0.783526	-50.6099
510	0.783526	-49.746
520	0.783526	-50.358
530	0.783526	-49.7892
540	0.783526	-50.077
550	0.783526	-50.3814
560	0.783526	-51.0596
570	0.783526	-50.8376
580	0.783526	-49.9017
590	0.783526	-51.0135
600	0.783526	-50.2872
610	0.783526	-51.6104
620	0.783526	-51.5159
630	0.783526	-51.483
640	0.783526	-50.41
650	0.783526	-51.6221
660	0.783526	-49.9631
670	0.783526	-50.2578
680	0.783526	-49.7946
690	0.783526	-51.6747
700	0.783526	-49.8224
710	0.783526	-49.8252
720	0.783526	-52.2786
730	0.783526	-51.5273
740	0.783526	-49.8749
750	0.783526	-50.053
760	0.783526	-49.786
770	0.783526	-49.8406
780	0.783526	-50.0026
790	0.783526	-49.772
800	0.783526	-50.0146
810	0.783526	-49.7582
820	0.783526	-51.0898
830	0.783526	-49.8691
840	0.783526	-51.0458
850	0.783526	-49.7773
860	0.783526	-50.5137
870	0.783526	-51.116
880	0.783526	-50.9744
890	0.783526	-51.6076
900	0.783526	-53.8904
910	0.783526	-50.4358
920	0.783526	-49.8277
930	0.783526	-49.8519
940	0.783526	-50.4367
950	0.783526	-50.0458
960	0.783526	-51.0343
970	0.783526	-54.5018
980	0.783526	-49.7433
990	0.783526	-49.9553
1000	0.783526	-49.7557
