state	power	likelihood
260	0.851033	-51.1731
270	0.851033	-50.4198
280	0.851033	-50.3507
290	0.851033	-49.8035
300	0.851033	-49.8872
310	0.851033	-50.1481
320	0.851033	-50.0248
330	0.851033	-50.2358
340	0.851033	-52.5872
350	0.851033	-49.7896
360	0.851033	-50.2414
370	0.851033	-50.0958
380	0.851033	-50.0729
390	0.851033	-49.7432
400	0.851033	-49.8756
410	0.851033	-50.5068
420	0.851033	-51.6091
430	0.851033	-52.7541
440	0.851033	-49.7451
450	0.851033	-50.1168
460	0.851033	-50.2472
470	0.851033	-49.7588
480	0.851033	-51.9006
490	0.851033	-51.4612
500	0.851033	-50.2916
510	0.851033	-50.4361
520	0.851033	-49.7777
530	0.851033	-50.5443
540	0.851033	-50.8173
550	0.851033	-49.9922
560	0.851033	-49.8223
570	0.851033	-49.9717
580	0.851033	-50.7162
590	0.851033	-50.2619
600	0.851033	-50.76
610	0.851033	-54.5011
620	0.851033	-49.7903
630	0.851033	-51.1428
640	0.851033	-49.8836
650	0.851033	-49.8109
660	0.851033	-49.8679
670	0.851033	-51.2217
680	0.851033	-49.7741
690	0.851033	-50.1371
700	0.851033	-49.758
710	0.851033	-49.9674
720	0.851033	-49.7665
730	0.851033	-49.8031
740	0.851033	-49.7485
750	0.851033	-49.8855
760	0.851033	-49.7432
770	0.851033	-50.8457
780	0.851033	-50.1845
790	0.851033	-49.8063
800	0.851033	-49.8818
810	0.851033	-49.9105
820	0.851033	-49.9862
830	0.851033	-50.4735
840	0.851033	-49.7791
850	0.851033	-49.8521
860	0.851033	-50.2826
870	0.851033	-49.9956
880	0.851033	-49.8649
890	0.851033	-49.7521
900	0.851033	-52.7751
910	0.851033	-50.5241
920	0.851033	-49.7793
930	0.851033	-50.0153
940	0.851033	-49.7602
950	0.851033	-49.7453
960	0.851033	-49.823
970	0.851033	-51.3823
980	0.851033	-49.7548
990	0.851033	-49.9434
1000	0.851033	-49.7549
