state	power	likelihood
260	0.661359	-49.852
270	0.661359	-50.9683
280	0.661359	-50.328
290	0.661359	-50.4024
300	0.661359	-50.8012
310	0.661359	-50.0871
320	0.661359	-51.6578
330	0.661359	-49.7642
340	0.661359	-50.082
350	0.661359	-50.3685
360	0.661359	-50.5801
370	0.661359	-50.4963
380	0.661359	-49.9891
390	0.661359	-50.6061
400	0.661359	-50.1981
410	0.661359	-49.8673
420	0.661359	-49.7523
430	0.661359	-51.5148
440	0.661359	-49.8166
450	0.661359	-50.0781
460	0.661359	-50.2305
470	0.661359	-50.7002
480	0.661359	-50.3005
490	0.661359	-54.0061
500	0.661359	-50.2888
510	0.661359	-49.8053
520	0.661359	-49.8166
530	0.661359	-49.9199
540	0.661359	-50.4477
550	0.661359	-50.0894
560	0.661359	-52.6508
570	0.661359	-50.4668
580	0.661359	-49.833
590	0.661359	-49.7556
600	0.661359	-50.5617
610	0.661359	-50.1038
620	0.661359	-49.7507
630	0.661359	-50.603
640	0.661359	-50.1011
650	0.661359	-50.4675
660	0.661359	-49.8184
670	0.661359	-49.7745
680	0.661359	-49.786
690	0.661359	-49.7891
700	0.661359	-49.8251
710	0.661359	-50.5887
720	0.661359	-49.7777
730	0.661359	-49.7852
740	0.661359	-52.1715
750	0.661359	-49.8959
760	0.661359	-50.4791
770	0.661359	-49.8494
780	0.661359	-50.7087
790	0.661359	-51.1147
800	0.661359	-50.2119
810	0.661359	-49.7527
820	0.661359	-51.0081
830	0.661359	-49.794
840	0.661359	-52.3405
850	0.661359	-49.7678
860	0.661359	-51.0804
870	0.661359	-50.5674
880	0.661359	-49.7445
890	0.661359	-50.3692
900	0.661359	-50.567
910	0.661359	-49.9687
920	0.661359	-51.495
930	0.661359	-49.9599
940	0.661359	-49.744
950	0.661359	-50.6234
960	0.661359	-51.7228
970	0.661359	-50.0892
980	0.661359	-49.8904
990	0.661359	-49.7432
1000	0.661359	-49.8986
