state	power	likelihood
260	1	-50.764
270	1	-49.7813
280	1	-49.903
290	1	-49.7489
300	1	-49.8813
310	1	-50.2032
320	1	-50.0656
330	1	-49.7922
340	1	-49.8586
350	1	-50.857
360	1	-49.7485
370	1	-49.8359
380	1	-50.2321
390	1	-51.2915
400	1	-49.7445
410	1	-49.7472
420	1	-49.7821
430	1	-49.745
440	1	-50.3365
450	1	-49.749
460	1	-49.89
470	1	-49.7436
480	1	-49.7437
490	1	-49.7931
500	1	-51.5811
510	1	-49.8592
520	1	-49.9747
530	1	-50.6546
540	1	-49.8389
550	1	-49.9632
560	1	-50.3229
570	1	-49.744
580	1	-49.972
590	1	-50.0377
600	1	-49.9131
610	1	-50.0436
620	1	-50.2611
630	1	-50.0756
640	1	-49.7636
650	1	-49.7547
660	1	-50.0612
670	1	-50.5183
680	1	-50.7855
690	1	-49.7434
700	1	-49.9003
710	1	-50.9053
720	1	-49.9338
730	1	-49.8103
740	1	-50.0829
750	1	-49.7697
760	1	-49.8735
770	1	-49.7951
780	1	-49.8072
790	1	-49.7433
800	1	-51.4143
810	1	-50.272
820	1	-51.8114
830	1	-49.8058
840	1	-49.8013
850	1	-49.7469
860	1	-50.8299
870	1	-50.6844
880	1	-50.7268
890	1	-50.6383
900	1	-49.9496
910	1	-50.1369
920	1	-50.6519
930	1	-50.3682
940	1	-49.8405
950	1	-49.7435
960	1	-50.994
970	1	-49.9262
980	1	-50.1045
990	1	-50.2629
1000	1	-49.7432
