Iteration	Posterior	Likelihood	Prior	extirpation_rate	rate_bg
0	-314.6552	-317.4446	2.789459	0.5885001	0.01
10	-262.747	-264.2138	1.466745	0.7744506	0.03828076
20	-264.9175	-265.948	1.030471	0.8982649	0.05279393
30	-263.1131	-264.6184	1.505341	0.6007138	0.03654737
40	-262.939	-264.1994	1.260347	0.5304992	0.0423412
50	-263.896	-264.8406	0.9446595	0.3956981	0.03608611
60	-263.07	-264.6126	1.542636	0.7027208	0.03647337
70	-262.9457	-264.2158	1.270105	0.5055848	0.03970799
80	-264.5371	-266.1292	1.5921	0.5725027	0.03250253
90	-263.1086	-264.4084	1.299805	0.7296239	0.04621265
100	-263.6482	-264.5394	0.8911723	1.052387	0.04871446
110	-266.3489	-264.8073	-1.541575	0.2043462	0.04207001
120	-262.9516	-263.9061	0.9545112	1.066582	0.04467634
130	-270.5759	-271.2452	0.6693101	1.014682	0.06454462
140	-263.1914	-264.6662	1.474808	0.8333987	0.03627344
150	-263.3301	-264.2625	0.9324199	1.168324	0.03827417
160	-264.0837	-265.3204	1.236691	0.6600451	0.04941436
170	-262.6008	-263.8698	1.26897	0.8886652	0.04206315
180	-263.6161	-264.2435	0.6274043	1.321883	0.03875338
190	-263.7052	-264.8123	1.10715	0.8948517	0.04909541
200	-264.0558	-264.4477	0.3919217	0.330537	0.03950894
210	-262.7857	-264.2216	1.43592	0.8192359	0.03819106
220	-263.6774	-263.9419	0.2645111	1.465994	0.04159494
230	-263.4436	-263.8564	0.4128303	1.361763	0.04435673
240	-263.0456	-263.9914	0.9458159	1.060595	0.04551178
250	-262.8168	-263.8998	1.082978	0.9918567	0.04417272
260	-263.8858	-264.1176	0.2318613	1.419843	0.04725258
270	-263.9834	-264.7268	0.74335	1.1267	0.04980934
280	-263.0399	-263.9168	0.8768317	1.167158	0.04054773
290	-264.0768	-264.8482	0.7714275	1.281584	0.03631668
300	-262.7549	-263.8609	1.106064	1.023563	0.04113546
310	-262.8168	-264.2623	1.445525	0.5916498	0.03846601
320	-263.0811	-264.3699	1.288808	0.5848529	0.04466989
330	-262.6312	-264.0515	1.420375	0.800367	0.03938675
340	-263.8926	-264.4494	0.5567429	0.3487161	0.03896815
350	-265.9351	-266.3438	0.4087073	1.503934	0.03328325
360	-262.8515	-264.2106	1.359123	0.8933597	0.03822723
370	-262.6685	-264.0763	1.407772	0.610291	0.04061739
380	-263.8682	-265.0484	1.180147	0.8146555	0.04951378
390	-263.7174	-265.0486	1.331129	0.4828928	0.03516014
400	-262.7955	-264.0255	1.230049	0.8696426	0.04467427
410	-263.0018	-264.4475	1.445737	0.8402159	0.03710467
420	-266.082	-264.5441	-1.537914	2.273688	0.045393
430	-262.9582	-264.0331	1.074886	0.9778932	0.04544948
440	-264.0905	-264.552	0.461444	0.3483635	0.04274687
450	-262.8441	-264.3206	1.476438	0.6127011	0.03799188
460	-264.3557	-264.0478	-0.3079195	1.692254	0.04580073
470	-263.2954	-264.3678	1.072436	0.9495389	0.0474096
480	-262.9172	-264.3719	1.454664	0.8207282	0.03743375
490	-268.4325	-265.9369	-2.49565	2.805869	0.03957392
500	-262.7625	-263.9246	1.162097	0.9366237	0.04410152
510	-263.5214	-264.8481	1.326697	0.4880054	0.03583743
520	-263.4623	-264.8868	1.42451	0.5264186	0.03564043
530	-264.862	-264.1554	-0.7065761	1.882338	0.04544981
540	-263.9875	-263.9343	-0.05319423	1.586208	0.04445368
550	-262.8826	-264.3267	1.444031	0.5806599	0.03806627
560	-262.8088	-264.0239	1.21506	0.8816585	0.04475009
570	-262.6675	-264.0618	1.394325	0.6171097	0.041375
580	-267.413	-265.0971	-2.315909	2.623543	0.04782059
590	-262.8223	-263.8599	1.037608	1.027411	0.04378629
600	-263.5975	-264.6697	1.072197	1.115431	0.0365627
610	-263.4123	-264.3191	0.9068277	0.4081906	0.04006291
620	-263.0322	-263.9352	0.9030801	1.155457	0.04034113
630	-263.8651	-264.9198	1.054661	1.137153	0.03581843
640	-262.6081	-263.9501	1.341974	0.862489	0.04025004
650	-264.1984	-263.9763	-0.2221222	1.667139	0.04434269
660	-262.6136	-263.9916	1.377996	0.7307196	0.04272139
670	-263.036	-263.8264	0.7903572	1.172519	0.04378126
680	-262.565	-263.9769	1.411941	0.7135061	0.04149034
690	-262.7388	-263.884	1.145223	0.9564963	0.04366264
700	-262.6435	-263.856	1.21249	0.9265422	0.04248987
710	-263.2633	-264.4914	1.228077	0.8137825	0.04723085
720	-262.6078	-264.03	1.422214	0.7898082	0.03961979
730	-262.6057	-264.0114	1.405661	0.6761258	0.04184646
740	-263.1934	-264.3869	1.193507	0.5167437	0.0439921
750	-262.8126	-264.1466	1.333909	0.5830174	0.04261258
760	-262.9137	-263.8777	0.9639712	1.113228	0.04089781
770	-263.0612	-263.8755	0.8143302	1.148849	0.04461071
780	-262.6715	-263.996	1.324516	0.7913581	0.04363803
790	-263.7903	-263.9196	0.1292976	1.52116	0.04245865
800	-262.5688	-264.0033	1.434491	0.7015261	0.04064489
810	-265.5274	-264.3967	-1.13066	2.105815	0.04309455
820	-263.7654	-263.8922	0.1268563	1.502667	0.04423621
830	-263.484	-263.8568	0.3728214	1.40125	0.04262569
840	-267.075	-266.3034	-0.7716256	2.038058	0.03476824
850	-262.9831	-263.8578	0.8746441	1.119445	0.04423866
860	-265.301	-265.8304	0.5293393	0.3760837	0.04860775
870	-263.686	-264.9352	1.249207	0.6125	0.04767718
880	-262.9034	-264.2078	1.304347	0.5194306	0.03960807
890	-262.6537	-263.8946	1.240898	0.8904352	0.04317197
900	-262.7437	-264.2069	1.463152	0.6220722	0.03875161
910	-265.3297	-264.3168	-1.012945	2.015175	0.04647253
920	-264.9132	-265.373	0.4597851	1.251286	0.05258365
930	-263.1097	-264.642	1.532311	0.6340883	0.03641245
940	-262.8316	-264.1459	1.314283	0.5573296	0.04201635
950	-262.8125	-264.1396	1.327118	0.7486199	0.04463301
960	-263.7919	-264.698	0.9061176	1.20635	0.0366367
970	-264.0498	-265.2001	1.150371	1.095598	0.03498648
980	-265.0425	-265.2189	0.1764154	1.395911	0.05244213
990	-263.5515	-263.9851	0.4335297	1.331832	0.04612542
1000	-264.1065	-264.3196	0.2131814	1.520791	0.03907249
1010	-262.6574	-264.0936	1.436198	0.789955	0.03906558
1020	-264.0371	-264.445	0.4078941	1.313434	0.04907857
1030	-263.4567	-264.3782	0.921497	0.4232405	0.04246232
1040	-263.0123	-263.8091	0.7967563	1.178481	0.04303085
1050	-262.8205	-263.8162	0.9956332	1.074016	0.04235205
1060	-264.4886	-264.0475	-0.4410992	1.773737	0.04397225
1070	-264.5775	-264.2827	-0.2947726	1.662016	0.04820626
1080	-263.513	-265.0763	1.563317	0.6183654	0.03497219
1090	-263.301	-263.9119	0.6108547	1.250354	0.04529154
1100	-263.4904	-265.0359	1.545481	0.786659	0.03510181
1110	-265.7628	-266.9108	1.14796	0.7080595	0.05408037
1120	-263.6088	-263.957	0.3481442	1.377539	0.04584103
1130	-263.2306	-263.9572	0.7265764	1.184686	0.04563687
1140	-263.9872	-264.002	0.01477476	1.583597	0.04176198
1150	-263.8332	-264.7446	0.9114584	1.205745	0.03648271
1160	-265.6834	-264.4043	-1.279033	2.152655	0.04525311
1170	-262.7641	-264.1273	1.363167	0.563678	0.0403832
1180	-263.1537	-263.8489	0.6952289	1.216944	0.04434986
1190	-263.5333	-264.3916	0.8583341	0.4095023	0.04233483
1200	-262.5638	-263.9876	1.42379	0.7060095	0.04105738
1210	-263.1619	-264.3873	1.225487	1.00671	0.03746275
1220	-263.4309	-264.7007	1.269746	0.9984183	0.03629128
1230	-264.1744	-265.4047	1.230332	1.057288	0.03442748
1240	-264.0095	-265.2385	1.228989	1.05107	0.03482344
1250	-262.7071	-263.8768	1.169672	0.9429836	0.04339957
1260	-264.7553	-265.94	1.18465	0.6150986	0.05095408
1270	-262.7837	-263.9906	1.206868	0.9805172	0.03967912
1280	-262.6784	-264.1481	1.469729	0.6550691	0.0390899
1290	-263.1112	-264.3213	1.210103	0.4750126	0.03875145
1300	-263.0252	-263.9587	0.9335427	1.141748	0.04010201
1310	-264.3343	-264.4858	0.151522	1.436686	0.04946893
1320	-262.9622	-264.4348	1.472625	0.8080527	0.03715782
1330	-263.3334	-263.8487	0.5153087	1.335464	0.04219757
1340	-265.2199	-265.5411	0.3211677	1.521457	0.03502428
1350	-263.3203	-263.9401	0.6197969	1.242238	0.04558967
1360	-266.0994	-264.8981	-1.201341	2.061066	0.05087416
1370	-262.6459	-264.022	1.376055	0.714764	0.0429947
1380	-263.1596	-263.9824	0.8227845	1.203351	0.04004378
1390	-262.8309	-264.0619	1.231017	0.8630853	0.04494501
1400	-263.3321	-263.9771	0.644936	1.225227	0.04591574
1410	-262.9037	-264.4056	1.501921	0.7579905	0.03730428
1420	-264.3141	-264.0351	-0.2790063	1.711544	0.04270342
1430	-263.95	-263.9339	-0.01617492	1.583768	0.04305916
1440	-262.7919	-263.8185	1.026611	1.053252	0.04248435
1450	-263.0705	-264.0054	0.9348717	1.065388	0.04565217
1460	-263.6134	-264.0585	0.4450833	1.319287	0.04674345
1470	-263.9819	-264.7714	0.7894527	0.3719214	0.03647333
1480	-262.6545	-264.0048	1.350274	0.7596757	0.04337469
1490	-263.9781	-264.2868	0.308667	1.370973	0.04832262
1500	-264.6807	-264.6983	0.01765226	1.628848	0.03784324
1510	-264.3476	-264.7017	0.3540913	1.328293	0.05029116
1520	-263.0099	-263.9208	0.9108881	1.149339	0.04046913
1530	-264.3393	-265.2318	0.8925006	1.019797	0.05122766
1540	-262.8846	-264.366	1.481436	0.6102377	0.03773135
1550	-262.9606	-263.8193	0.8587036	1.156916	0.04206108
1560	-264.0222	-264.8008	0.7785702	1.103968	0.05002138
1570	-263.4323	-264.8268	1.394419	0.9181032	0.03580549
1580	-263.009	-264.3892	1.380216	0.8947653	0.03736747
1590	-262.9809	-264.2104	1.229509	0.5134974	0.0421291
1600	-265.8848	-264.8871	-0.9977457	1.963616	0.05110296
1610	-265.4409	-266.207	0.7660975	1.33	0.0331962
1620	-264.7301	-264.1937	-0.536457	1.787231	0.04699594
1630	-262.5562	-263.9095	1.353321	0.8128683	0.04170247
1640	-265.1836	-264.4875	-0.6960999	1.840974	0.04914097
1650	-264.3413	-264.9636	0.6222935	1.359335	0.03614995
1660	-263.8968	-263.934	0.03725664	1.537167	0.04501913
1670	-264.8837	-264.1994	-0.6843097	1.861119	0.04651492
1680	-264.7076	-265.88	1.172392	0.7607134	0.05179051
1690	-263.7802	-264.888	1.107867	0.5041221	0.04653553
1700	-262.5869	-263.9932	1.406373	0.6961623	0.04182536
1710	-262.9843	-263.9064	0.9220628	1.084892	0.04476351
1720	-265.4569	-264.9578	-0.4991205	0.2496536	0.0361718
1730	-263.9669	-264.324	0.3570539	1.345039	0.04849849
1740	-265.9558	-265.9518	-0.003963766	1.460991	0.05497008
1750	-264.6862	-264.2309	-0.4552908	1.743638	0.04756379
1760	-263.3241	-263.9631	0.6390708	1.229722	0.04579518
1770	-263.1545	-264.3426	1.188143	0.5100026	0.04355605
1780	-263.1465	-263.8461	0.6996254	1.215254	0.04429565
1790	-262.9818	-264.206	1.224208	0.5091692	0.04193105
1800	-262.8664	-264.1814	1.314957	0.5283263	0.03991953
1810	-262.9535	-264.017	1.063491	0.9869902	0.045366
1820	-262.6682	-263.9348	1.266596	0.8594949	0.04353757
1830	-264.1822	-263.9924	-0.1898126	1.642151	0.04527301
1840	-263.8007	-264.9524	1.151625	0.8489581	0.049369
1850	-264.2553	-264.4579	0.2025927	1.533345	0.03846524
1860	-263.0472	-264.5553	1.508052	0.7771083	0.0366708
1870	-262.7266	-264.1954	1.468786	0.7654646	0.03840579
1880	-266.5109	-264.7159	-1.794955	2.382991	0.04667879
1890	-264.3578	-265.2453	0.8875201	1.022298	0.0512842
1900	-264.4954	-265.3819	0.8865263	1.244103	0.03479231
1910	-262.7777	-264.1352	1.357508	0.6269397	0.04319841
1920	-264.3087	-265.5243	1.215538	0.6285321	0.04983376
1930	-262.6115	-264.071	1.45954	0.6904083	0.03967112
1940	-262.8939	-263.8678	0.9738757	1.105708	0.04102389
1950	-263.9828	-264.6754	0.6926156	1.156461	0.04970126
1960	-263.1847	-264.4633	1.278587	0.5878168	0.04527399
1970	-264.5192	-264.3785	-0.1406607	1.582237	0.04892501
1980	-265.4057	-266.8283	1.422565	0.9887165	0.03159989
1990	-263.4851	-264.4287	0.9436101	1.027583	0.04808879
2000	-267.4748	-268.9482	1.473447	0.4598369	0.02832478
2010	-263.9456	-264.1767	0.2310954	1.503314	0.03980367
2020	-264.5903	-264.7253	0.1349652	1.433899	0.05058327
2030	-263.0243	-264.504	1.479712	0.5889724	0.03707077
2040	-264.0677	-263.9771	-0.09066454	1.593965	0.0454018
2050	-262.6985	-264.1493	1.450795	0.6234735	0.03926829
2060	-262.9358	-264.2543	1.318507	0.5988888	0.04398228
2070	-262.7294	-264.0973	1.3679	0.6184369	0.04252188
2080	-265.1218	-264.2698	-0.8519806	1.977746	0.04285688
2090	-264.0416	-264.0993	0.05773769	1.575062	0.04073171
2100	-262.825	-263.8991	1.074136	0.9973868	0.0442002
2110	-264.3141	-264.2766	-0.03747563	1.539059	0.04832048
2120	-262.5589	-263.9867	1.427852	0.7436359	0.04044466
2130	-265.0761	-264.2097	-0.8663665	1.966035	0.04458017
2140	-262.7607	-263.8891	1.128378	0.9658891	0.04382598
2150	-264.2714	-265.2417	0.9703037	0.4640416	0.04752932
2160	-263.9789	-264.1409	0.1620224	1.452115	0.04742318
2170	-264.8567	-264.4414	-0.4153238	1.709451	0.04915891
2180	-262.7632	-264.119	1.355817	0.5641109	0.04070584
2190	-262.7666	-264.0735	1.306853	0.9185422	0.03906057
2200	-268.3886	-265.4953	-2.893284	2.926539	0.04630854
2210	-262.8066	-264.1527	1.346065	0.607751	0.04311564
2220	-262.8662	-264.1621	1.295941	0.5266034	0.04054545
2230	-263.4646	-264.1412	0.6766722	1.194731	0.0470913
2240	-263.942	-264.8718	0.9297385	0.3924785	0.03596884
2250	-264.0671	-264.5339	0.466784	0.3485774	0.0425902
2260	-263.0636	-263.8636	0.8000048	1.199364	0.04127122
2270	-264.7579	-265.7865	1.028679	0.4978875	0.04958392
2280	-263.4374	-264.9826	1.545179	0.7807554	0.03525154
2290	-263.5647	-264.1473	0.5826007	1.242993	0.04724932
2300	-264.6943	-265.6209	0.9266815	0.3808731	0.03367113
2310	-263.61	-264.5126	0.9026314	1.047124	0.04857026
2320	-264.2278	-264.7628	0.5350293	0.3384792	0.03666483
2330	-262.595	-263.8766	1.281643	0.8894629	0.04149509
2340	-265.1585	-264.4944	-0.6641232	1.919227	0.04025318
2350	-262.548	-263.9414	1.39344	0.7828098	0.04097224
2360	-262.94	-263.9656	1.025599	1.016647	0.04506227
2370	-263.3737	-264.3164	0.9427446	0.4231455	0.04155151
2380	-263.4065	-263.9762	0.5696691	1.328695	0.04050615
2390	-264.793	-265.9861	1.193146	0.6403722	0.05126763
2400	-262.586	-264.0202	1.434208	0.761486	0.03984423
2410	-263.1499	-264.4956	1.345748	0.9314055	0.03695489
2420	-264.0532	-263.987	-0.06618336	1.579742	0.04565299
2430	-262.8921	-263.8578	0.9656653	1.069032	0.04400252
2440	-263.2426	-264.1201	0.8775115	1.08749	0.04659833
2450	-264.1875	-264.6053	0.4178546	0.3439033	0.04310026
2460	-262.6894	-264.1674	1.478073	0.6664487	0.0388705
2470	-263.3377	-264.901	1.563323	0.6464823	0.03549485
2480	-263.9233	-264.3179	0.3946472	1.3268	0.04843554
2490	-263.0186	-263.8425	0.8239604	1.150174	0.04407855
2500	-263.6318	-264.3417	0.7099071	1.287378	0.03818779
2510	-266.609	-267.4951	0.8860266	1.303571	0.03102219
2520	-263.117	-263.8253	0.7083178	1.236788	0.04216257
2530	-264.0911	-265.3234	1.232304	0.7041152	0.04973606
2540	-263.0195	-264.3633	1.343823	0.9216691	0.03749391
2550	-263.1558	-264.3026	1.146838	0.9017539	0.04679838
2560	-263.4975	-264.7263	1.228839	1.026048	0.03624213
2570	-264.1005	-264.6526	0.5520527	1.37993	0.03720499
2580	-262.6307	-264.0539	1.423204	0.7969987	0.03937513
2590	-264.9614	-264.2097	-0.7516658	1.928823	0.04304279
2600	-266.3383	-267.4956	1.157312	1.163836	0.03081562
2610	-262.6876	-264.0117	1.324141	0.8941385	0.03955195
2620	-264.6906	-264.5542	-0.1363351	1.570929	0.04988807
2630	-263.6833	-264.7754	1.092133	0.4929166	0.04592784
2640	-262.6668	-263.8859	1.219105	0.9507693	0.04087332
2650	-262.6075	-263.8764	1.268916	0.903526	0.04133169
2660	-263.6683	-264.745	1.076709	1.116702	0.0363178
2670	-263.3555	-264.9276	1.57213	0.7054114	0.03540027
2680	-263.5949	-264.4398	0.8448496	1.084607	0.04837998
2690	-265.3699	-264.9441	-0.4257861	1.690716	0.05169921
2700	-264.4142	-265.2042	0.7900236	1.286305	0.03532147
2710	-263.8256	-263.9369	0.1112773	1.498707	0.04530267
2720	-262.8841	-264.3803	1.496232	0.7629652	0.03741791
2730	-263.5664	-264.4508	0.8844484	0.41841	0.04308356
2740	-262.9067	-264.0652	1.158579	1.021675	0.0391457
2750	-263.8352	-264.6709	0.8356719	1.077753	0.04939015
2760	-266.8105	-266.8291	0.0186775	1.429557	0.05732932
2770	-264.7482	-265.3789	0.6306638	1.162555	0.0522995
2780	-264.5869	-264.4111	-0.1758648	1.597165	0.04910665
2790	-269.8904	-266.2942	-3.596223	3.320238	0.04359524
2800	-262.609	-264.0383	1.429284	0.6528932	0.04067643
2810	-263.9563	-264.1063	0.1499537	1.460691	0.04715738
2820	-263.545	-264.6494	1.104417	0.432355	0.03682246
2830	-266.3637	-267.482	1.118329	0.7249755	0.05548853
2840	-263.4942	-264.2296	0.7353495	1.157565	0.04752751
2850	-262.7754	-263.9353	1.1599	0.9360631	0.04423125
2860	-262.8483	-264.1678	1.319519	0.5733786	0.04273472
2870	-263.261	-263.907	0.6460475	1.283532	0.04101215
2880	-264.2803	-265.3327	1.052429	1.155334	0.03475226
2890	-264.4212	-264.6337	0.2125893	1.537414	0.03775952
2900	-262.805	-264.3114	1.506314	0.6872443	0.03785982
2910	-262.5508	-263.9429	1.392095	0.7601811	0.041587
2920	-263.8577	-263.9457	0.08795073	1.508952	0.04539293
2930	-262.5614	-263.9054	1.344008	0.819207	0.04186872
2940	-263.7308	-264.328	0.5971505	1.224061	0.04826922
2950	-268.0842	-268.6917	0.6074832	1.095473	0.06022348
2960	-263.0581	-263.8508	0.7927593	1.165018	0.04427557
2970	-265.0481	-264.4964	-0.5517702	1.771294	0.0493755
2980	-266.2866	-267.7682	1.481571	0.478035	0.02981442
2990	-264.6977	-264.8163	0.1185835	1.438098	0.05097746
3000	-262.7627	-264.1122	1.349459	0.568025	0.04118592
3010	-265.4652	-265.6615	0.1963367	1.582683	0.03489527
3020	-263.0985	-264.552	1.453428	0.5637366	0.03690088
3030	-263.6183	-264.4963	0.8780039	0.3928397	0.03795676
3040	-267.0636	-267.8354	0.7718223	0.4450504	0.05409188
3050	-263.0292	-264.2266	1.197369	0.4994887	0.04205995
3060	-263.0214	-264.5328	1.511345	0.7676089	0.03676064
3070	-262.9667	-264.2545	1.287774	0.563373	0.04352683
3080	-262.7861	-264.1428	1.356694	0.6322081	0.04336072
3090	-262.6672	-263.9651	1.297965	0.9072376	0.03996731
3100	-262.7124	-263.8314	1.11903	0.9990947	0.04215197
3110	-263.0129	-264.1529	1.14008	0.921041	0.04600362
3120	-263.5902	-264.5786	0.9883429	1.156833	0.03695248
3130	-263.6441	-263.9661	0.3219812	1.389503	0.04593115
3140	-264.9797	-265.2698	0.2900914	1.339001	0.05248555
3150	-262.7544	-264.0787	1.32431	0.7686455	0.04429457
3160	-264.4257	-265.3442	0.9184986	0.999223	0.051502
3170	-264.6456	-265.6421	0.9964716	0.9356589	0.05211191
3180	-262.7506	-263.9241	1.173441	0.9291097	0.04403538
3190	-264.2322	-265.2096	0.9774333	0.9667838	0.05090237
3200	-262.5815	-263.9257	1.344224	0.8504037	0.04066144
3210	-262.9791	-264.2826	1.303431	0.5853868	0.0440473
3220	-263.9098	-264.4119	0.5020957	0.3472067	0.0406737
3230	-263.2108	-264.5147	1.303875	0.6722003	0.04630935
3240	-263.3474	-264.6334	1.286071	0.7045875	0.04712942
3250	-262.923	-263.8394	0.9163863	1.100856	0.04381476
3260	-263.2611	-264.498	1.236913	0.8036953	0.04719695
3270	-263.9225	-264.3243	0.4017243	1.322931	0.04846413
3280	-263.1795	-264.3032	1.123687	0.9187691	0.04689886
3290	-262.8417	-264.0564	1.214723	0.8769814	0.04500045
3300	-263.1093	-264.5589	1.449659	0.8483761	0.03666664
3310	-265.1159	-264.6552	-0.4606588	0.261698	0.04193981
3320	-262.6423	-264.0811	1.438763	0.6361684	0.04002457
3330	-262.6119	-263.9235	1.311573	0.883911	0.0405293
3340	-263.9757	-264.7718	0.7961633	1.095413	0.04987319
3350	-262.8629	-263.8419	0.9790425	1.096698	0.04144702
3360	-264.0614	-264.9949	0.9335278	1.004491	0.05033323
3370	-262.6357	-263.8958	1.260143	0.8766944	0.04301597
3380	-262.8043	-263.8264	1.022151	1.064988	0.04186415
3390	-263.2584	-264.7175	1.4591	0.8542335	0.03610877
3400	-263.0385	-264.3607	1.322216	0.6727502	0.04547098
3410	-264.269	-264.8809	0.6118718	1.19047	0.05064123
3420	-263.7764	-264.5524	0.7760134	1.265742	0.03727729
3430	-262.6989	-264.0586	1.359735	0.7236173	0.04360464
3440	-262.9633	-263.9632	0.999893	1.105243	0.04000232
3450	-263.9591	-265.1999	1.240778	0.6390047	0.04885292
3460	-263.0888	-264.4228	1.333941	0.5111389	0.03774664
3470	-262.8786	-264.204	1.325427	0.593736	0.04346509
3480	-262.6208	-264.0764	1.455606	0.7430138	0.03934792
3490	-262.5914	-263.8765	1.285117	0.8846631	0.0415802
3500	-262.5794	-264.0251	1.445689	0.7053413	0.04017203
3510	-262.8239	-264.1386	1.314712	0.5514297	0.0416158
3520	-263.3753	-264.1191	0.7438425	1.160855	0.04684671
3530	-262.7049	-263.8961	1.191151	0.923645	0.04356821
3540	-263.6086	-264.5615	0.9529877	1.174903	0.03704846
3550	-263.1466	-264.6968	1.550209	0.6684856	0.0361782
3560	-264.6322	-264.0835	-0.5487106	1.816789	0.0446597
3570	-264.4708	-264.4074	-0.063362	1.543728	0.0491048
3580	-262.8858	-264.3312	1.445414	0.8255503	0.03762229
3590	-263.5542	-264.6157	1.061515	0.4748226	0.04493263
3600	-262.8707	-264.2143	1.343544	0.6440987	0.04417839
3610	-262.7696	-264.2085	1.438834	0.8133135	0.03827052
3620	-262.5989	-263.8858	1.286857	0.8642413	0.04245211
3630	-264.6379	-265.4644	0.8264391	0.367378	0.03409332
3640	-267.5292	-268.2562	0.7270623	0.4375021	0.05487861
3650	-262.7541	-263.9485	1.194425	0.9098291	0.04418641
3660	-262.6172	-263.8763	1.259093	0.8867472	0.04257471
3670	-263.7392	-264.7681	1.028928	1.14425	0.03629163
3680	-262.836	-263.8713	1.035265	1.026169	0.04397435
3690	-262.6235	-263.977	1.353413	0.8586971	0.0399503
3700	-263.371	-263.9787	0.6076889	1.310618	0.04041411
3710	-264.5222	-264.689	0.166877	1.560802	0.03763266
3720	-263.2442	-264.2529	1.008715	0.9995526	0.04703589
3730	-262.9167	-264.2814	1.3647	0.8967372	0.03786336
3740	-264.9819	-266.3372	1.355305	1.015445	0.03246585
3750	-264.2145	-263.989	-0.2254588	1.679698	0.04331809
3760	-264.7491	-266.3642	1.615131	0.5801641	0.03206132
3770	-264.0661	-265.1521	1.086047	0.8918456	0.05031977
3780	-265.7542	-266.1542	0.4000249	1.502872	0.03364785
3790	-263.3666	-264.4966	1.129945	1.072657	0.03711281
3800	-263.7205	-263.9297	0.2091448	1.450634	0.04537859
3810	-262.9959	-264.3199	1.324047	0.6345774	0.04485443
3820	-262.6858	-264.1237	1.437835	0.6171106	0.03961343
3830	-264.2842	-265.0219	0.7377686	1.305316	0.03585675
3840	-263.4877	-264.1268	0.6390491	1.308175	0.03935524
3850	-262.8718	-264.2285	1.35674	0.5395262	0.03910596
3860	-262.6777	-264.0644	1.386671	0.6216752	0.041821
3870	-264.25	-264.0581	-0.191881	1.679053	0.04194524
3880	-263.0549	-264.2655	1.210667	0.4801535	0.03934144
3890	-264.5136	-265.7178	1.204164	0.6291938	0.0504227
3900	-263.8139	-263.9124	0.09846061	1.510673	0.0447574
3910	-264.3632	-264.2097	-0.1535366	1.677237	0.04052365
3920	-263.2869	-264.2995	1.012542	1.127175	0.03802252
3930	-262.6418	-263.8653	1.223509	0.9141335	0.04269122
3940	-262.9789	-264.2613	1.282351	0.7832663	0.04577232
3950	-263.2353	-264.6929	1.457555	0.5556513	0.03631531
3960	-263.6984	-263.9306	0.2321938	1.478668	0.04184887
3970	-263.5117	-264.3434	0.8316504	0.3996781	0.04129817
3980	-262.8492	-264.3381	1.488822	0.6254905	0.03784987
3990	-263.3664	-264.5283	1.161959	0.5112998	0.04484677
4000	-263.4181	-264.4977	1.07961	0.4319252	0.03767769
4010	-262.7646	-263.8366	1.072019	1.037572	0.04163284
4020	-264.0614	-265.064	1.002559	1.171559	0.03547231
4030	-263.4889	-264.7203	1.231399	0.7860539	0.04807433
4040	-264.9274	-266.0957	1.168303	0.6027876	0.05128916
4050	-263.1401	-263.9286	0.7885014	1.214953	0.04055158
4060	-263.7759	-263.9386	0.1627164	1.472508	0.04543579
4070	-263.6528	-264.5234	0.8705632	0.4182134	0.04364521
4080	-263.4671	-264.2148	0.7477628	1.151887	0.04742267
4090	-263.8263	-264.5356	0.7092995	1.298095	0.03741878
4100	-264.551	-264.2226	-0.3284953	1.75429	0.04095696
4110	-262.9433	-264.3173	1.374	0.8927324	0.03769044
4120	-264.6623	-264.7264	0.06410629	1.609124	0.03766577
4130	-263.8955	-263.9927	0.09722285	1.497596	0.04605024
4140	-264.4537	-264.4647	0.01100237	1.505182	0.04941035
4150	-263.7482	-264.3816	0.6333494	0.3637912	0.04034298
4160	-262.6606	-263.9121	1.251489	0.9328098	0.04053317
4170	-263.7834	-263.9477	0.164297	1.511102	0.04186815
4180	-262.8642	-263.9157	1.051511	1.008217	0.04447974
4190	-262.9578	-264.2835	1.325679	0.622552	0.04447609
4200	-264.1353	-264.3801	0.2447902	1.509845	0.03873152
4210	-263.7954	-264.5006	0.7052241	1.29834	0.03755358
4220	-263.9887	-264.0002	0.01157851	1.539004	0.04601271
4230	-264.7579	-265.2416	0.483695	1.243437	0.0521173
4240	-263.265	-264.3804	1.115339	0.4816154	0.04346471
4250	-264.324	-265.2794	0.9554096	0.3901148	0.03458332
4260	-264.3185	-264.9088	0.590287	1.372552	0.0363465
4270	-267.8816	-265.9096	-1.971966	2.393187	0.05454512
4280	-265.0723	-265.6848	0.6124765	1.162574	0.0532576
4290	-263.1882	-263.8172	0.6290358	1.270514	0.04278301
4300	-265.5927	-266.9493	1.356579	1.034725	0.03146396
4310	-264.6598	-264.19	-0.4698324	1.811458	0.04174598
4320	-263.0977	-264.6434	1.545764	0.7033332	0.03635659
4330	-262.5571	-263.9853	1.42824	0.7276609	0.04066827
4340	-266.4012	-266.5439	0.1426964	0.3292306	0.05010525
4350	-263.0515	-264.2317	1.180167	0.4762381	0.04008082
4360	-264.5935	-264.3961	-0.1974535	1.608305	0.04901093
4370	-262.9929	-264.3186	1.325732	0.6884136	0.04535257
4380	-262.654	-264.0447	1.390713	0.6574941	0.04233285
4390	-262.8466	-263.8135	0.9668286	1.089419	0.04247813
4400	-269.1613	-267.1286	-2.03271	2.636609	0.03507847
4410	-263.4672	-264.8163	1.349096	0.9512018	0.03586983
4420	-264.1984	-265.1526	0.9542032	1.200669	0.03528803
4430	-264.2098	-263.9782	-0.2315688	1.674232	0.04409347
4440	-263.0636	-264.0114	0.9478358	1.139665	0.03967949
4450	-262.9194	-264.4076	1.488222	0.7821557	0.03728332
4460	-262.8284	-264.2625	1.434095	0.582132	0.03851158
4470	-262.6745	-264.1304	1.455864	0.6374612	0.03937031
4480	-263.8679	-264.1648	0.296936	1.472384	0.03973921
4490	-263.5167	-264.4028	0.8861112	0.39804	0.03876113
4500	-268.7303	-267.7059	-1.024366	0.2119712	0.02987985
4510	-262.7915	-264.1305	1.338957	0.5811812	0.04230924
4520	-262.6903	-264.0359	1.345649	0.7540591	0.04370066
4530	-262.6029	-263.869	1.266113	0.8989429	0.04167684
4540	-272.2854	-268.3795	-3.905826	3.580951	0.03648428
4550	-265.1248	-266.0912	0.9664105	0.9397779	0.05340988
4560	-263.3745	-263.8337	0.4592117	1.346529	0.04365858
4570	-263.7681	-264.3599	0.5918663	1.346066	0.03827013
4580	-263.2082	-264.7664	1.558189	0.6765447	0.03592808
4590	-263.2925	-264.7027	1.410275	0.5287805	0.036323
4600	-263.3943	-263.8609	0.4666438	1.360747	0.04211867
4610	-263.2505	-263.8471	0.5965399	1.268803	0.04434255
4620	-262.6452	-264.0695	1.424292	0.6267142	0.04040231
4630	-263.8703	-264.0142	0.1439367	1.528498	0.04120468
4640	-262.9201	-264.4421	1.522012	0.6700756	0.03722221
4650	-264.9253	-264.4152	-0.510067	1.84725	0.04025457
4660	-262.9176	-264.1803	1.262695	0.9641098	0.03841367
4670	-264.1698	-264.2849	0.1151417	1.563095	0.03944024
4680	-262.8435	-264.2729	1.429413	0.5769675	0.03845787
4690	-263.7279	-264.4931	0.7652029	0.3951978	0.04305883
4700	-262.5812	-263.8967	1.315436	0.8670305	0.04113357
4710	-265.9787	-266.24	0.261301	1.326009	0.05543161
4720	-263.3845	-264.4489	1.064413	0.9492146	0.04781257
4730	-262.8785	-264.2102	1.331687	0.7189664	0.04490086
4740	-263.33	-264.5034	1.173426	0.8633417	0.04759652
4750	-262.9008	-264.422	1.521188	0.6836278	0.03729873
4760	-263.2763	-263.9449	0.6686344	1.277171	0.04059493
4770	-263.0495	-264.3634	1.313883	0.6232522	0.04502375
4780	-263.8793	-263.9328	0.0535561	1.555634	0.04260845
4790	-264.8877	-265.7364	0.8487011	1.02798	0.05284357
4800	-262.5591	-263.9138	1.354702	0.8275354	0.0411217
4810	-263.9129	-263.959	0.04605971	1.527814	0.04550678
4820	-263.4958	-264.8719	1.376083	0.5056657	0.03572218
4830	-262.9794	-264.4103	1.430938	0.8509479	0.03726373
4840	-264.3944	-265.8573	1.462929	0.5095574	0.03305651
4850	-264.6343	-265.7164	1.082045	0.8668121	0.05195871
4860	-263.2959	-264.3868	1.090905	0.4395586	0.0384635
4870	-262.9423	-263.9164	0.9740553	1.053826	0.04473523
4880	-263.6943	-265.2956	1.601314	0.7060854	0.03437862
4890	-263.0719	-263.875	0.8031391	1.154945	0.04462233
4900	-263.0252	-263.8404	0.815247	1.155345	0.04405356
4910	-266.7982	-267.011	0.2128774	0.3402262	0.05134164
4920	-262.7732	-263.8355	1.062318	1.020968	0.0431485
4930	-262.7776	-263.8352	1.057621	1.023717	0.04316691
4940	-262.6616	-264.1348	1.473212	0.7243199	0.03891909
4950	-263.0103	-264.5305	1.520149	0.7499912	0.03677472
4960	-262.6679	-264.019	1.3511	0.7531387	0.04348264
4970	-264.4218	-264.6278	0.2059899	0.3191889	0.04285071
4980	-263.0179	-264.2348	1.216862	0.4857837	0.03974706
4990	-262.8908	-264.2237	1.332936	0.7109432	0.0449243
5000	-262.8974	-264.2368	1.339452	0.6798074	0.04472414
5010	-263.2554	-264.2886	1.033239	0.4345319	0.03990679
5020	-262.9355	-263.8533	0.9178364	1.096671	0.04406508
5030	-264.2389	-264.3316	0.09277336	1.576059	0.03924692
5040	-263.8096	-263.9515	0.1419736	1.480903	0.04558828
5050	-263.1476	-264.595	1.447448	0.5563429	0.03672293
5060	-265.603	-264.6442	-0.9587638	1.957914	0.04975217
5070	-264.672	-265.7667	1.094698	0.5285965	0.04978244
5080	-263.4176	-264.3732	0.9555905	0.4121071	0.03891605
5090	-264.5009	-264.5201	0.0192615	0.2973687	0.04114836
5100	-263.2152	-264.4914	1.276116	0.9806757	0.03701587
5110	-262.8283	-263.8203	0.9920923	1.08041	0.04205123
5120	-263.0461	-264.3124	1.26622	0.7943136	0.04615915
5130	-262.7832	-264.1199	1.336676	0.9006543	0.03875782
5140	-262.5602	-263.9029	1.342696	0.8325751	0.04142804
5150	-262.9832	-263.9752	0.9919695	1.035527	0.04524905
5160	-262.9318	-263.875	0.9431679	1.078214	0.04432219
5170	-263.4033	-264.3273	0.9240268	0.4196544	0.04165582
5180	-265.0017	-265.2323	0.2306888	1.369192	0.05242929
5190	-263.6803	-264.8036	1.123323	0.5075226	0.04620111
5200	-263.3805	-264.4219	1.041357	0.4587587	0.04346875
5210	-264.3171	-265.6135	1.296383	0.4582976	0.03362897
5220	-263.8059	-264.6351	0.8291586	1.083214	0.04926029
5230	-267.9706	-265.5519	-2.418674	2.637186	0.05154089
5240	-262.8816	-264.1768	1.295203	0.5514885	0.04243966
5250	-262.8836	-264.401	1.517384	0.7095136	0.03736726
5260	-262.6842	-264.0939	1.409717	0.825325	0.03899734
5270	-263.5159	-265.0028	1.486882	0.554976	0.0352292
5280	-262.8282	-263.8296	1.001415	1.057177	0.04329135
5290	-262.6293	-263.9249	1.295589	0.8398918	0.04312924
5300	-263.0663	-264.3362	1.269923	0.5610804	0.04416584
5310	-262.8842	-264.2838	1.399605	0.5557347	0.03848687
5320	-263.1266	-264.4354	1.308832	0.6977097	0.04610491
5330	-262.9611	-264.2614	1.300299	0.5772363	0.04377235
5340	-263.3017	-263.8436	0.5418854	1.298132	0.04423489
5350	-265.0054	-264.3794	-0.6260695	1.894716	0.04083759
5360	-264.1191	-265.1789	1.059781	0.9105278	0.05051141
5370	-263.0062	-264.4553	1.449127	0.8375819	0.03707179
5380	-262.8728	-264.1828	1.309984	0.5678022	0.04283143
5390	-263.8134	-264.0099	0.1964999	1.446743	0.04632559
5400	-263.1932	-264.7018	1.508623	0.7974418	0.03613948
5410	-262.7786	-264.1189	1.340322	0.7336974	0.0443159
5420	-263.5279	-264.6852	1.157292	0.4438175	0.03661201
5430	-265.5561	-267.0975	1.541404	0.9133961	0.03109408
5440	-263.0582	-264.5886	1.530419	0.7404805	0.03654964
5450	-263.2935	-263.8272	0.5336479	1.319107	0.04279694
5460	-264.8167	-264.4671	-0.3496002	1.676691	0.04935858
5470	-262.6504	-263.9251	1.274682	0.856086	0.04333931
5480	-262.6041	-263.9579	1.353787	0.8525212	0.04018871
5490	-263.1077	-264.4164	1.308686	0.5016018	0.03783117
5500	-263.0583	-263.8444	0.7861581	1.169932	0.04417302
5510	-262.7513	-264.2197	1.468469	0.6257078	0.03863318
5520	-262.7587	-264.1185	1.359831	0.6171654	0.04282878
5530	-264.7745	-264.7164	-0.05809362	0.29462	0.0430881
5540	-263.9501	-264.5769	0.6268366	1.340427	0.03737307
5550	-262.9455	-264.0572	1.111694	1.049979	0.03922635
5560	-263.2801	-263.8288	0.5486745	1.299797	0.04379245
5570	-264.1419	-265.5939	1.452052	0.9175523	0.03382377
5580	-262.618	-263.9894	1.371403	0.8429657	0.03986226
5590	-263.1172	-263.8755	0.7582964	1.178755	0.04469562
5600	-263.1993	-264.4479	1.248584	0.9959814	0.03720258
5610	-262.6209	-264.0417	1.420828	0.7963985	0.03948638
5620	-264.5962	-264.1854	-0.4107718	1.786054	0.04154985
5630	-263.7599	-264.1341	0.3741535	1.434521	0.03977175
5640	-262.9264	-264.362	1.435608	0.569963	0.03788369
5650	-264.5825	-265.6273	1.044854	0.9007877	0.05188319
5660	-263.5019	-263.9129	0.4109389	1.351829	0.0453347
5670	-263.5323	-263.9429	0.4105795	1.348031	0.04569683
5680	-262.8017	-264.0955	1.293867	0.9316544	0.03891011
5690	-262.5532	-263.9271	1.373886	0.7836025	0.04175919
5700	-262.9584	-264.2709	1.31252	0.5945261	0.04406384
5710	-263.4933	-265.0784	1.585123	0.7023095	0.03495797
5720	-263.5532	-264.8041	1.250945	0.5981969	0.0470264
5730	-263.1525	-264.3324	1.179936	0.5050462	0.0433979
5740	-263.7589	-264.9108	1.151929	0.4363285	0.03570855
5750	-264.2945	-265.9345	1.640036	0.6497531	0.03291275
5760	-263.2769	-264.0422	0.7653437	1.238548	0.03969248
5770	-264.4322	-264.8692	0.4369598	1.443659	0.03665607
5780	-262.6048	-263.9087	1.303853	0.8858145	0.04075471
5790	-262.8079	-264.3063	1.498425	0.7354049	0.03781183
5800	-263.3486	-264.5209	1.17228	0.862857	0.04767551
5810	-263.0387	-264.1808	1.142094	1.042993	0.0384814
5820	-265.6114	-265.1662	-0.4451387	1.69159	0.05261151
5830	-264.9913	-266.3135	1.322153	1.035345	0.03253402
5840	-262.9825	-264.3006	1.31807	0.7195853	0.0455093
5850	-262.8076	-264.1168	1.309121	0.7781556	0.04471222
5860	-263.1823	-264.3129	1.130567	0.9129365	0.04691916
5870	-265.583	-264.568	-1.01505	1.990293	0.04911271
5880	-262.8078	-264.1522	1.344421	0.8984733	0.03855931
5890	-262.894	-264.1729	1.278862	0.5178763	0.04049356
5900	-262.8263	-263.8155	0.9892476	1.077482	0.04237792
5910	-263.6397	-265.1474	1.507676	0.5605319	0.03479254
5920	-262.7152	-264.1257	1.4105	0.8310224	0.03876737
5930	-262.6863	-264.0097	1.323395	0.7884879	0.04377544
5940	-262.8375	-263.8319	0.9944495	1.060123	0.0433848
5950	-263.2071	-264.4632	1.256135	0.5652651	0.04504489
5960	-267.0091	-267.9067	0.8976291	0.9333204	0.05770314
5970	-264.8008	-265.9978	1.196988	0.6773871	0.05156256
5980	-262.8913	-263.8617	0.9704228	1.065486	0.04405057
5990	-263.1795	-264.3315	1.151977	1.048691	0.03775589
6000	-264.5879	-265.7947	1.206737	0.6903201	0.05108183
6010	-263.5111	-264.3178	0.806649	1.237393	0.03817003
6020	-262.8913	-264.1844	1.2931	0.9425791	0.03838105
6030	-263.4653	-263.9231	0.4578128	1.375382	0.04125881
6040	-263.4652	-264.7626	1.297395	0.481144	0.03617971
6050	-264.1286	-265.1627	1.034121	0.4836572	0.047425
6060	-262.8443	-264.2172	1.372886	0.5494376	0.03913794
6070	-264.1275	-265.3079	1.18048	0.5662513	0.04865095
6080	-262.6495	-264.0901	1.440663	0.6340304	0.03990612
6090	-265.1639	-265.8625	0.6986253	1.352912	0.03392723
6100	-263.3653	-264.1737	0.8083755	1.22704	0.03885925
6110	-263.8609	-264.4743	0.6133696	1.207812	0.04896324
6120	-263.013	-264.2327	1.219706	0.4869248	0.03976302
6130	-263.5977	-264.4816	0.8839253	0.3943595	0.03805893
6140	-262.8875	-264.0455	1.158055	0.9206228	0.0452081
6150	-264.5962	-265.5899	0.993789	0.4799066	0.04883358
6160	-262.6454	-264.1172	1.471801	0.707595	0.0391229
6170	-262.595	-264.0271	1.432096	0.7704987	0.03972528
6180	-263.3864	-264.6494	1.26298	0.594547	0.04630268
6190	-263.2653	-263.9164	0.6510447	1.282328	0.04090339
6200	-264.0466	-265.6671	1.620543	0.6433859	0.03347996
6210	-262.7848	-264.2877	1.502912	0.696169	0.03797632
6220	-265.2208	-264.6129	-0.6078686	0.2508342	0.0411035
6230	-262.6886	-264.066	1.377455	0.6753276	0.04304012
6240	-262.6033	-264.024	1.420711	0.6589764	0.04109777
6250	-263.21	-263.9227	0.7126959	1.252626	0.04072843
6260	-263.1464	-264.6953	1.548819	0.7159651	0.03616327
6270	-262.6904	-263.923	1.232598	0.8880206	0.04365372
6280	-262.845	-264.3567	1.511711	0.6759994	0.0376354
6290	-262.7063	-263.8656	1.159262	0.9886671	0.04112142
6300	-262.549	-263.9433	1.394282	0.7605804	0.04148735
6310	-263.1513	-263.8305	0.6792263	1.230014	0.04396834
6320	-263.1397	-263.9186	0.7788164	1.161565	0.04517867
6330	-263.3326	-264.0857	0.7531263	1.158532	0.04660877
6340	-262.8384	-263.9823	1.143878	1.021147	0.03975799
6350	-263.6067	-264.1748	0.5680673	1.345997	0.03919727
6360	-262.7302	-264.2214	1.491155	0.6793073	0.03842762
6370	-263.1778	-263.8156	0.6378069	1.265	0.04286355
6380	-262.6926	-264.1024	1.409866	0.826999	0.03893342
6390	-263.1113	-263.8525	0.7411412	1.227347	0.04153762
6400	-263.1682	-264.092	0.92378	1.063458	0.04630798
6410	-264.0135	-264.1088	0.0952913	1.559203	0.04056149
6420	-263.6234	-264.3581	0.7347167	0.3789983	0.04032235
6430	-262.7933	-263.927	1.133721	1.019455	0.04026929
6440	-263.7638	-264.3639	0.6000571	1.220542	0.04844932
6450	-262.9735	-264.1508	1.17725	0.8939053	0.04582273
6460	-262.5931	-264.0166	1.423473	0.66839	0.04106582
6470	-262.9363	-264.4217	1.485414	0.6056053	0.03744122
6480	-262.6491	-264.0709	1.421828	0.8041945	0.03921365
6490	-263.3179	-263.9261	0.6081136	1.30447	0.04088853
6500	-263.7463	-264.8133	1.067007	0.924719	0.0492591
6510	-263.0772	-264.4626	1.385421	0.897289	0.03706258
6520	-265.4836	-265.0775	-0.4060898	1.676448	0.05225406
6530	-263.8881	-263.9736	0.08550933	1.505879	0.04579622
6540	-262.6885	-264.059	1.370537	0.70168	0.04332842
6550	-262.7595	-264.257	1.49745	0.6814361	0.03819133
6560	-263.2169	-264.5198	1.302928	0.656528	0.04620478
6570	-263.141	-264.3219	1.180957	0.5044982	0.04329554
6580	-264.2078	-265.3228	1.114979	0.524195	0.04834974
6590	-264.2961	-264.7767	0.4806527	1.26206	0.05044299
6600	-265.5396	-264.5979	-0.9417238	2.045824	0.04053785
6610	-263.244	-264.1512	0.9072183	1.068069	0.04672526
6620	-266.1469	-264.6899	-1.456975	2.271609	0.04204723
6630	-262.6227	-264.0271	1.404412	0.6574846	0.04175675
6640	-263.1719	-263.8358	0.6639376	1.26177	0.04201879
6650	-264.1058	-263.9551	-0.150654	1.637295	0.04398517
6660	-263.4728	-264.7115	1.238725	1.018991	0.03628131
6670	-262.9722	-264.1947	1.222501	0.4969166	0.04074445
6680	-265.435	-265.519	0.08405266	1.430994	0.05354335
6690	-263.0328	-264.5676	1.534815	0.7197612	0.03663949
6700	-263.9553	-263.9485	-0.006734974	1.556666	0.04515838
6710	-263.5862	-263.9974	0.4111693	1.405601	0.04066043
6720	-266.1067	-264.5632	-1.543518	2.286745	0.04441124
6730	-262.925	-264.2383	1.313293	0.7451834	0.04532368
6740	-263.9684	-263.9944	0.02601016	1.532618	0.04596403
6750	-263.2166	-264.4293	1.212756	1.017838	0.0373022
6760	-264.305	-264.3313	0.02630841	1.505117	0.04866647
6770	-265.2638	-265.4474	0.1835572	1.385296	0.05320153
6780	-262.5933	-263.978	1.384691	0.7317123	0.04242204
6790	-262.564	-263.9858	1.421773	0.7643489	0.04027959
6800	-264.2385	-264.01	-0.2284982	1.686408	0.0428338
6810	-262.8941	-263.9479	1.053773	1.071979	0.04009534
6820	-263.151	-264.461	1.310007	0.6694874	0.0460082
6830	-263.2119	-264.1033	0.8914508	1.080986	0.04645877
6840	-268.3344	-268.3663	0.03189881	0.2702948	0.02897474
6850	-264.8533	-264.3068	-0.5465711	1.781627	0.04804604
6860	-262.9916	-263.8529	0.8613689	1.127669	0.04418931
6870	-264.054	-264.409	0.3550545	1.460622	0.03841829
6880	-265.1293	-265.8513	0.7220038	1.097864	0.05348846
6890	-262.933	-264.2097	1.276768	0.5450078	0.04276971
6900	-263.0233	-264.3468	1.323471	0.5124022	0.03825514
6910	-262.6008	-263.9308	1.330045	0.8681404	0.04048872
6920	-263.6269	-264.0642	0.4372884	1.399577	0.04010056
6930	-262.8018	-264.1527	1.350874	0.6199533	0.04329627
6940	-263.8908	-263.918	0.02717248	1.561683	0.04319499
6950	-263.3649	-264.8267	1.461762	0.861019	0.03576131
6960	-265.506	-265.4873	-0.01877042	1.48089	0.0535397
6970	-262.6868	-263.839	1.152143	0.9713228	0.0424685
6980	-262.9962	-264.0745	1.078321	1.071735	0.03913888
6990	-263.3305	-264.3963	1.065802	1.10355	0.03755992
7000	-262.5578	-263.9576	1.399788	0.7391299	0.04167246
7010	-264.6432	-264.6285	-0.01473583	1.640192	0.03816006
7020	-263.0015	-263.809	0.807489	1.172746	0.04301977
7030	-265.1924	-266.3478	1.155425	0.7494305	0.05297367
7040	-266.126	-264.5738	-1.552267	2.268869	0.04651871
7050	-262.9904	-263.9989	1.008507	1.02288	0.04539902
7060	-263.3887	-264.0586	0.6699213	1.287625	0.03972652
7070	-263.4708	-264.3269	0.8561572	0.4024059	0.04089337
7080	-262.6875	-264.1394	1.451901	0.6282936	0.03933812
7090	-262.8979	-263.8423	0.9443734	1.116771	0.04145151
7100	-263.2768	-264.6945	1.417767	0.8896158	0.03620776
7110	-264.8337	-264.7188	-0.1148665	0.2896405	0.04302076
7120	-263.3531	-264.883	1.529875	0.5982149	0.03558043
7130	-263.1203	-264.2496	1.129264	0.473091	0.04176191
7140	-263.5949	-264.5341	0.9392087	1.180779	0.03716084
7150	-262.758	-263.8236	1.065659	1.032597	0.04222967
7160	-263.0032	-264.2615	1.258321	0.541135	0.04327431
7170	-263.2172	-264.5641	1.346908	0.9357814	0.03670071
7180	-262.6566	-264.0844	1.427806	0.7996551	0.03911631
7190	-263.1243	-264.3271	1.202715	0.8545357	0.0466472
7200	-263.9359	-265.4179	1.482015	0.5328354	0.0340764
7210	-263.1713	-263.9035	0.7321991	1.240301	0.04089345
7220	-267.7058	-266.3369	-1.368964	2.308393	0.03563948
7230	-264.2538	-264.5238	0.2699637	1.505848	0.03808467
7240	-262.8101	-264.0284	1.218358	0.8783827	0.0447672
7250	-262.6293	-263.9118	1.282522	0.9067292	0.04061453
7260	-263.8565	-265.0708	1.214288	0.5814066	0.04793927
7270	-262.9797	-264.2327	1.253046	0.497368	0.03956522
7280	-262.609	-263.8706	1.261606	0.8897416	0.04232122
7290	-263.2693	-263.9083	0.6390373	1.287135	0.04101178
7300	-265.1069	-265.0122	-0.09466815	1.692524	0.0369836
7310	-264.6852	-264.3936	-0.2915848	1.750551	0.03978933
7320	-263.5909	-264.3342	0.7432418	1.146807	0.04807264
7330	-262.9461	-263.9768	1.030636	1.012173	0.04514486
7340	-263.0746	-264.6051	1.530412	0.7446704	0.03648616
7350	-262.7235	-264.0852	1.361666	0.8734187	0.03900402
7360	-263.8405	-265.2769	1.436397	0.9128416	0.03456061
7370	-263.7016	-264.0334	0.331833	1.377748	0.04657521
7380	-263.3448	-264.2874	0.9426062	1.037345	0.04740191
7390	-263.4545	-264.3814	0.9268856	1.040519	0.04791049
7400	-263.4802	-264.6947	1.214502	0.8078823	0.04810728
7410	-262.558	-263.9418	1.383857	0.8050288	0.04070464
7420	-262.8737	-264.3449	1.471199	0.7956606	0.03756714
7430	-263.3567	-264.6295	1.272756	0.7372976	0.04735072
7440	-262.7888	-263.8305	1.041709	1.034681	0.04311112
7450	-264.9125	-264.1814	-0.7311589	1.915406	0.04339747
7460	-262.6662	-263.844	1.177771	0.9625822	0.04190806
7470	-263.8261	-265.2067	1.380599	0.9507829	0.03477731
7480	-263.6264	-264.019	0.3925787	1.416334	0.04052664
7490	-264.4364	-264.3545	-0.08189653	1.655562	0.03950092
7500	-263.2427	-264.7998	1.557094	0.7226321	0.0358048
7510	-263.2576	-264.2779	1.020339	0.4343969	0.04040188
7520	-263.6373	-264.1232	0.4858679	1.381429	0.03963041
7530	-262.6331	-263.8608	1.227738	0.9149212	0.04246924
7540	-262.9632	-264.2949	1.331616	0.6585936	0.04492302
7550	-265.5543	-265.085	-0.469281	1.705808	0.05228874
7560	-263.015	-264.5281	1.513043	0.7636513	0.03678028
7570	-263.5077	-263.902	0.3943296	1.401536	0.0416944
7580	-263.8529	-264.2682	0.4153325	1.319435	0.04814092
7590	-265.1062	-264.4744	-0.6317195	1.903892	0.04027006
7600	-263.696	-263.9361	0.2401003	1.434142	0.04551253
7610	-262.8627	-264.3566	1.49394	0.7616107	0.03753142
7620	-263.0025	-264.1977	1.195217	1.011104	0.03835669
7630	-264.394	-265.1213	0.727234	0.4021939	0.04646794
7640	-263.0455	-264.097	1.051411	1.08957	0.03902304
7650	-264.9565	-264.3837	-0.5728305	1.788579	0.04859645
7660	-262.6857	-263.9088	1.223192	0.8984061	0.04353248
7670	-262.7705	-264.1331	1.362554	0.5614308	0.04027884
7680	-262.8864	-263.84	0.9536138	1.080167	0.04371859
7690	-263.2502	-264.1395	0.8892639	1.079271	0.04669436
7700	-264.226	-264.045	-0.1810745	1.62873	0.04617454
7710	-263.6851	-264.0757	0.3906598	1.422267	0.04011516
7720	-264.6963	-264.1007	-0.5955519	1.838279	0.04469738
7730	-264.1827	-265.0832	0.9005856	1.22577	0.03552133
7740	-263.5557	-265.1445	1.588708	0.7122368	0.03477692
7750	-263.8906	-265.5082	1.617628	0.6969898	0.03385829
7760	-262.849	-263.8148	0.9658463	1.092383	0.04230688
7770	-262.6186	-264.0035	1.384879	0.8316397	0.039751
7780	-262.925	-264.3179	1.392908	0.548005	0.038272
7790	-264.8274	-264.597	-0.2303293	1.613444	0.05010138
7800	-262.6684	-264.1115	1.44312	0.6276846	0.03967117
7810	-263.0308	-263.9375	0.9066886	1.153794	0.04031617
7820	-264.5449	-265.09	0.5451173	0.3700667	0.04599749
7830	-263.3679	-264.3977	1.029748	0.4537379	0.04319025
7840	-264.7932	-264.4075	-0.3856529	1.697334	0.04897022
7850	-263.9563	-263.9929	0.036606	1.527555	0.04596391
7860	-263.1007	-264.0241	0.9233868	1.154252	0.03961596
7870	-263.4571	-264.3415	0.8844179	1.067854	0.04781984
7880	-263.6734	-264.5159	0.842562	1.230152	0.03733283
7890	-264.7439	-264.2485	-0.4953468	1.761599	0.04764384
7900	-263.0818	-264.3992	1.31741	0.670587	0.04567649
7910	-262.6194	-264.0039	1.384406	0.8323114	0.03974529
7920	-263.1032	-263.9369	0.8336893	1.129652	0.04527145
7930	-263.5814	-265.1612	1.579772	0.7438789	0.0347407
7940	-263.0822	-264.2577	1.175503	0.4943884	0.04242122
7950	-262.6301	-264.0111	1.380952	0.7138304	0.04279327
7960	-263.6876	-264.0223	0.3346981	1.377361	0.04647832
7970	-263.4791	-264.4221	0.9430174	1.028342	0.04806017
7980	-262.8698	-264.236	1.366104	0.5432325	0.03899549
7990	-264.7304	-264.1111	-0.6193175	1.847603	0.04486767
8000	-266.3632	-265.6681	-0.6951028	1.79222	0.05449094
8010	-265.6937	-264.5899	-1.103737	2.114553	0.04117751
8020	-262.692	-264.0808	1.388773	0.5984675	0.04098197
8030	-264.1503	-264.553	0.4027172	0.3277265	0.038114
8040	-263.6016	-264.6146	1.013048	0.9730327	0.04868729
8050	-263.5043	-264.3299	0.8255479	1.101945	0.04789179
8060	-262.5656	-264.001	1.435422	0.7340238	0.04029093
8070	-265.1809	-266.8792	1.698307	0.6763051	0.03122997
8080	-262.9607	-264.0329	1.072197	0.9796296	0.04545767
8090	-262.8981	-264.0291	1.130992	0.9414671	0.04520284
8100	-262.6293	-263.8755	1.24625	0.9244179	0.04119175
8110	-265.4629	-266.3627	0.8997963	0.4632853	0.05087066
8120	-263.4966	-263.9753	0.4786465	1.37181	0.0407002
8130	-262.6754	-264.042	1.366613	0.7196995	0.04335165
8140	-264.5065	-264.5578	0.05124716	1.481397	0.04986675
8150	-264.1626	-264.6298	0.4671263	0.3510366	0.04339192
8160	-265.075	-264.365	-0.7100228	1.856482	0.0482027
8170	-264.2002	-264.6959	0.4957522	0.3564036	0.04390223
8180	-263.2856	-264.0047	0.7190961	1.258372	0.04002472
8190	-262.7964	-264.2204	1.423993	0.8326883	0.03818935
8200	-263.7722	-264.3926	0.620426	0.3643856	0.04103763
8210	-264.1122	-265.7417	1.629536	0.6553672	0.03331954
8220	-262.7413	-264.2332	1.491889	0.6718089	0.03837006
8230	-263.1255	-264.382	1.256497	0.5560792	0.04443164
8240	-263.2339	-264.0581	0.8242073	1.122376	0.04628966
8250	-263.75	-264.5085	0.7584469	1.272315	0.03745888
8260	-263.1029	-264.4207	1.3178	0.9461315	0.03726606
8270	-263.2563	-264.199	0.9427506	1.043661	0.04692028
8280	-264.4641	-264.6109	0.1467897	0.3125574	0.04259046
8290	-265.1489	-264.7457	-0.403173	1.818713	0.03845228
8300	-262.7338	-263.8317	1.097871	1.003975	0.04273857
8310	-262.8809	-264.128	1.247061	0.839503	0.04529061
8320	-263.6711	-263.9748	0.3037068	1.45248	0.04112741
8330	-262.6829	-264.0668	1.383906	0.6263374	0.04205804
8340	-263.0638	-264.0111	0.9472737	1.139945	0.03968209
8350	-262.56	-263.9052	1.345241	0.819673	0.04180041
8360	-263.1398	-264.5197	1.379881	0.9067741	0.03684472
8370	-264.7984	-265.9857	1.187329	0.7219949	0.05183274
8380	-262.6521	-264.0091	1.356959	0.8631614	0.03962329
8390	-263.2732	-264.5691	1.295885	0.6907191	0.04672454
8400	-262.7473	-264.0187	1.271404	0.9380625	0.03945978
8410	-262.6398	-263.9598	1.320086	0.8071042	0.0433138
8420	-263.2218	-264.2773	1.0555	0.4508247	0.04164084
8430	-262.7385	-264.1918	1.453344	0.7902716	0.03839289
8440	-264.0409	-264.4149	0.3740136	1.331761	0.04896086
8450	-263.9235	-264.6665	0.7430559	1.129615	0.04956951
8460	-262.6113	-263.9603	1.348909	0.8584846	0.04013947
8470	-262.78	-264.2732	1.493186	0.7368511	0.03798997
8480	-263.2551	-263.9669	0.7118485	1.258171	0.04033139
8490	-262.8889	-264.1871	1.298156	0.5573525	0.0427009
8500	-262.7761	-264.1357	1.359543	0.6722423	0.04380207
8510	-264.7719	-264.5073	-0.2646454	1.745356	0.03916395
8520	-263.6584	-263.9136	0.2552344	1.4301	0.04520201
8530	-262.7495	-264.1043	1.354808	0.5810398	0.0416371
8540	-263.0932	-263.8424	0.7491868	1.190021	0.04418035
8550	-263.5833	-264.7157	1.13245	0.5076463	0.04579489
8560	-263.081	-264.3751	1.29409	0.7470465	0.04616459
8570	-266.1137	-266.4679	0.3541488	1.274567	0.05587851
8580	-264.3824	-265.2351	0.8526535	1.043644	0.0513453
8590	-263.7701	-264.8969	1.126811	0.513251	0.04665952
8600	-265.9788	-265.5438	-0.4350008	1.674635	0.05399463
8610	-262.5647	-264.0007	1.436009	0.7190107	0.04045231
8620	-263.8528	-264.5744	0.7215712	0.3663475	0.0375967
8630	-264.5907	-264.3554	-0.2353621	1.723427	0.03985655
8640	-262.6751	-263.8999	1.224732	0.8998714	0.04338944
8650	-266.0954	-264.5871	-1.508276	2.240612	0.04724838
8660	-262.5819	-263.882	1.300079	0.8710051	0.04159124
8670	-262.8871	-264.2234	1.336301	0.6225898	0.04400724
8680	-262.9105	-263.8777	0.9672143	1.064122	0.04429138
8690	-262.6112	-263.8898	1.278648	0.9017429	0.04101967
8700	-263.201	-264.5848	1.383812	0.5228141	0.03684633
8710	-263.1962	-263.9356	0.7393939	1.180397	0.04541175
8720	-262.615	-263.9324	1.31742	0.8812598	0.04041429
8730	-265.4756	-265.8824	0.4068271	0.3581041	0.04858659
8740	-263.4172	-264.8019	1.384675	0.923958	0.03588797
8750	-263.1639	-264.116	0.9520943	1.044873	0.0463937
8760	-264.8411	-265.375	0.5339719	1.213316	0.05246639
8770	-263.3949	-264.8867	1.491728	0.8364834	0.03556243
8780	-262.8294	-264.0351	1.205729	0.8870875	0.04489083
8790	-264.6269	-264.5124	-0.1145095	1.562612	0.04967259
8800	-264.6629	-264.2389	-0.4239311	1.727692	0.04769161
8810	-262.6662	-264.069	1.402847	0.6120572	0.04087334
8820	-264.044	-265.2184	1.174377	0.8082369	0.05006264
8830	-264.3266	-264.698	0.371467	1.467031	0.03729579
8840	-266.5194	-264.7932	-1.726178	2.331956	0.0484845
8850	-263.274	-264.2265	0.9524466	1.155076	0.03842435
8860	-262.6411	-263.9826	1.341435	0.8720971	0.03985878
8870	-265.3516	-266.4866	1.134994	0.7706923	0.0534622
8880	-262.7602	-263.8252	1.065067	1.035309	0.04207395
8890	-263.2148	-263.8173	0.6025393	1.278678	0.04324206
8900	-263.7768	-265.3826	1.605863	0.7150988	0.03416476
8910	-262.8295	-263.8244	0.9949284	1.06305	0.04315662
8920	-262.607	-263.9602	1.353259	0.7752256	0.04286063
8930	-265.7614	-264.877	-0.8844002	0.2287206	0.03672607
8940	-262.7329	-264.0962	1.363315	0.5956587	0.04192749
8950	-266.29	-264.7766	-1.513378	2.302835	0.04165992
8960	-263.0567	-263.9294	0.8726987	1.171025	0.04043048
8970	-263.9977	-265.229	1.231335	0.7247061	0.04956323
8980	-262.8333	-263.8331	0.9997956	1.056719	0.04339391
8990	-262.7795	-263.8811	1.101576	0.9843266	0.04384126
9000	-263.3343	-264.8989	1.564571	0.7273162	0.03548907
9010	-264.2138	-265.0359	0.8221542	1.069355	0.05076587
9020	-263.1621	-264.715	1.552803	0.6734099	0.03610998
9030	-263.1779	-264.2684	1.090482	0.4615702	0.04179269
9040	-262.5797	-264.0069	1.427145	0.7686829	0.03996508
9050	-262.942	-264.3563	1.414261	0.8609448	0.03750391
9060	-264.1106	-264.5239	0.4133507	0.3296585	0.03837061
9070	-263.1691	-263.8155	0.6463394	1.254761	0.04334488
9080	-262.5609	-263.9314	1.370507	0.7794315	0.04201561
9090	-262.6137	-263.868	1.254351	0.9117676	0.04151664
9100	-263.0329	-263.9954	0.9625529	1.050449	0.04550079
9110	-263.1461	-263.8164	0.6703583	1.240663	0.04347218
9120	-263.6186	-264.4042	0.7856131	1.253093	0.03783047
9130	-262.5676	-263.96	1.392401	0.739537	0.04197471
9140	-263.2218	-264.2346	1.012783	1.122541	0.03832319
9150	-262.8608	-264.2141	1.353273	0.5398686	0.03926585
9160	-262.7315	-263.8823	1.15081	0.9534045	0.04360471
9170	-262.9003	-264.1993	1.299002	0.9397721	0.03829855
9180	-262.7035	-263.9313	1.227836	0.9554526	0.04025845
9190	-264.0496	-263.9846	-0.06506281	1.579581	0.0456173
9200	-263.4849	-265.0694	1.584525	0.673368	0.0349823
9210	-263.3453	-263.9011	0.555766	1.32625	0.04127289
9220	-262.7163	-263.9027	1.186498	0.9250585	0.04369211
9230	-262.6365	-263.8531	1.2166	0.9287054	0.04219742
9240	-262.9121	-264.4352	1.52306	0.6883094	0.03723093
9250	-262.9384	-264.1045	1.166067	0.907594	0.04558244
9260	-262.7579	-264.1181	1.360225	0.6180312	0.04283756
9270	-263.3424	-264.8785	1.536014	0.781341	0.03556248
9280	-264.4291	-265.2034	0.7742547	1.294113	0.03533993
9290	-262.6413	-263.9856	1.344373	0.8699994	0.03983265
9300	-263.9998	-264.8581	0.8582922	0.3808986	0.03606013
9310	-263.2626	-264.5401	1.277446	0.7445677	0.04699037
9320	-262.7632	-264.1263	1.363053	0.6535023	0.0434699
9330	-264.3539	-265.5593	1.205329	0.6126924	0.04982291
9340	-262.633	-263.8771	1.244183	0.9270075	0.04113965
9350	-266.8927	-265.519	-1.373761	2.281881	0.03786265
9360	-264.1675	-264.4685	0.3009789	1.488772	0.03825667
9370	-263.8515	-264.881	1.0295	1.14917	0.03595367
9380	-263.581	-264.8906	1.30955	0.9829547	0.03568041
9390	-263.0659	-264.2572	1.19125	0.8713732	0.04635444
9400	-262.6468	-263.8812	1.234368	0.8997908	0.04297747
9410	-264.8177	-264.1459	-0.6718271	1.865128	0.04554533
9420	-262.875	-264.2035	1.328504	0.9176168	0.03826861
9430	-263.2319	-263.8791	0.6472047	1.278816	0.04134207
9440	-263.2694	-263.8622	0.592768	1.302119	0.04171299
9450	-262.7019	-263.951	1.249083	0.8690175	0.04386163
9460	-264.6119	-264.0989	-0.5129882	1.815754	0.04318807
9470	-262.9687	-263.8215	0.852873	1.160967	0.04199909
9480	-263.9753	-264.3774	0.402053	1.437014	0.03848004
9490	-266.7012	-267.1221	0.4208456	0.3694558	0.05187112
9500	-262.5539	-263.9759	1.422027	0.72823	0.04091439
9510	-265.469	-265.578	0.1090136	1.417324	0.05370487
9520	-262.6711	-264.0998	1.428716	0.8026055	0.03899259
9530	-264.6195	-264.2011	-0.4183921	1.728366	0.04735998
9540	-263.1424	-264.2871	1.144656	0.484818	0.04260502
9550	-263.4796	-264.5312	1.051592	0.424556	0.03750675
9560	-262.9687	-264.4237	1.455088	0.57743	0.03750399
9570	-263.2604	-264.3966	1.136261	0.4910909	0.04372771
9580	-263.2938	-264.4163	1.122459	0.9104804	0.0474454
9590	-262.5686	-263.9206	1.352086	0.8376191	0.04084819
9600	-264.0944	-264.7076	0.6131589	1.197004	0.04996846
9610	-262.7847	-264.1944	1.409704	0.5756048	0.03915806
9620	-262.6233	-264.0443	1.420968	0.7970792	0.0394609
9630	-263.5064	-264.3553	0.8488838	1.087283	0.04796843
9640	-263.3701	-264.7841	1.413943	0.5263003	0.03601043
9650	-263.5776	-265.0013	1.423659	0.5209282	0.03526632
9660	-263.6091	-264.8722	1.263117	0.7107	0.04817518
9670	-263.2217	-264.2926	1.070819	0.9563711	0.04704333
9680	-264.6375	-265.9806	1.343051	1.010261	0.03312809
9690	-263.2004	-263.8186	0.6181862	1.276399	0.04275946
9700	-262.7238	-264.0544	1.330555	0.7675612	0.04404645
9710	-262.956	-263.9946	1.03865	1.005088	0.0452698
9720	-264.2064	-264.1847	-0.02170872	1.617288	0.04033803
9730	-262.6117	-263.9443	1.332575	0.8702062	0.04029636
9740	-267.847	-266.7665	-1.080514	1.942822	0.05803739
9750	-262.9578	-263.8744	0.9165583	1.139107	0.04098073
9760	-263.6733	-264.9605	1.2872	0.4713772	0.03546694
9770	-263.4789	-263.8814	0.40255	1.394172	0.04197631
9780	-262.8587	-264.2893	1.430617	0.5755223	0.03834374
9790	-262.8457	-264.1566	1.310959	0.559242	0.0422765
9800	-263.2055	-264.4926	1.287086	0.7361233	0.04669772
9810	-262.6988	-264.0793	1.380488	0.600024	0.04138178
9820	-263.2475	-264.417	1.169454	0.8740122	0.04723925
9830	-263.2827	-264.4265	1.143797	0.8935572	0.04740095
9840	-262.9328	-264.0526	1.119799	1.044543	0.03925141
9850	-265.1125	-265.0285	-0.08399313	0.2772644	0.0357323
9860	-264.2291	-264.0157	-0.2133577	1.64954	0.04563035
9870	-266.3014	-266.4351	0.1337649	1.63304	0.03339661
9880	-262.7887	-263.8453	1.056604	1.05072	0.04139835
9890	-263.8319	-263.9488	0.1169257	1.493855	0.04550442
9900	-263.2332	-264.3901	1.156935	0.499447	0.04379081
9910	-264.1106	-264.7421	0.6314432	0.3781142	0.04446078
9920	-262.7969	-264.0338	1.236864	0.8627891	0.04469696
9930	-264.6015	-264.5249	-0.07654762	1.662756	0.03869422
9940	-263.1153	-264.2449	1.129603	0.4618727	0.04023121
9950	-262.6948	-263.9471	1.252226	0.9402657	0.04010618
9960	-263.4582	-264.3634	0.9052609	1.189115	0.03785931
9970	-263.2952	-264.6689	1.373706	0.5137686	0.03649433
9980	-264.5259	-264.5558	0.02988108	0.2996191	0.04175067
9990	-263.0919	-264.4023	1.310342	0.6276789	0.0453042
10000	-264.7314	-264.4146	-0.3168421	1.762936	0.03974134
